<?xml version="1.0" encoding="UTF-8" ?>
<testsuite tests="1" failures="1" name="scenarios.AppiumTest" time="16.245" errors="0" skipped="0">
  <properties>
[...]
</properties>
  <testcase classname="scenarios.AppiumTest" name="mainActivityMenuClick" time="16.245">
    <failure message="expected:&lt;false&gt; but was:&lt;true&gt;" type="java.lang.AssertionError">java.lang.AssertionError: expected:&lt;false&gt; but was:&lt;true&gt;
	at org.testng.Assert.fail(Assert.java:89)
	at org.testng.Assert.failNotEquals(Assert.java:489)
	at org.testng.Assert.assertFalse(Assert.java:58)
	at org.testng.Assert.assertFalse(Assert.java:68)
	at scenarios.AppiumTest.mainActivityMenuClick(AppiumTest.java:26)
</failure>
    <system-out>Configuring TestNG with: org.apache.maven.surefire.testng.conf.TestNGMapConfigurator@1b4fb997
</system-out>
  </testcase>
</testsuite>